<<<<<<< HEAD
2023-05-04 09:51:32,061 INFO [restartedMain] Starting BoardingPassHdBankApplication using Java 20 with PID 8120 (D:\Workspace\java-web\boarding-pass-hdbank\target\classes started by ASUS in D:\Workspace\java-web\boarding-pass-hdbank)
2023-05-04 09:51:32,114 INFO [restartedMain] No active profile set, falling back to 1 default profile: "default"
2023-05-04 09:56:31,823 INFO [restartedMain] Starting BoardingPassHdBankApplication using Java 20 with PID 11292 (D:\Workspace\java-web\boarding-pass-hdbank\target\classes started by ASUS in D:\Workspace\java-web\boarding-pass-hdbank)
2023-05-04 09:56:31,853 INFO [restartedMain] No active profile set, falling back to 1 default profile: "default"
2023-05-04 09:56:56,320 INFO [restartedMain] Started BoardingPassHdBankApplication in 26.99 seconds (process running for 31.938)
2023-05-04 09:56:56,395 INFO [restartedMain] Run App Successful
2023-05-04 09:58:12,387 ERROR [http-nio-8080-exec-3] [com.hoanhtuan.boardingpasshdbank.controller.PassengerController] [exception] [Failed to obtain JDBC Connection]
2023-05-04 09:59:39,692 INFO [restartedMain] Starting BoardingPassHdBankApplication using Java 20 with PID 14600 (D:\Workspace\java-web\boarding-pass-hdbank\target\classes started by ASUS in D:\Workspace\java-web\boarding-pass-hdbank)
2023-05-04 09:59:39,719 INFO [restartedMain] No active profile set, falling back to 1 default profile: "default"
2023-05-04 09:59:57,442 INFO [restartedMain] Started BoardingPassHdBankApplication in 20.733 seconds (process running for 27.571)
2023-05-04 09:59:57,571 INFO [restartedMain] Run App Successful
2023-05-04 10:07:36,992 INFO [http-nio-8080-exec-2] [com.hoanhtuan.boardingpasshdbank.controller.PassengerController] [getAllHelloWorld]: com.hoanhtuan.boardingpasshdbank.model.response.ResponseStatus@24cdeab3
2023-05-04 10:13:07,009 ERROR [http-nio-8080-exec-5] [com.hoanhtuan.boardingpasshdbank.service.impl.TicketVietJetServiceImpl] [findById] [Incorrect result size: expected 1, actual 0]
2023-05-04 10:13:07,027 ERROR [http-nio-8080-exec-5] [com.hoanhtuan.boardingpasshdbank.controller.PassengerController] [handleNotFoundException] [No HellWorld found for update with id: 1]
2023-05-04 10:33:45,589 INFO [restartedMain] Starting BoardingPassHdBankApplication using Java 20 with PID 4036 (D:\Workspace\java-web\boarding-pass-hdbank\target\classes started by ASUS in D:\Workspace\java-web\boarding-pass-hdbank)
2023-05-04 10:33:45,602 INFO [restartedMain] No active profile set, falling back to 1 default profile: "default"
2023-05-04 10:34:02,181 INFO [restartedMain] Started BoardingPassHdBankApplication in 19.074 seconds (process running for 24.096)
2023-05-04 10:34:02,198 INFO [restartedMain] Run App Successful
2023-05-04 10:35:22,046 ERROR [http-nio-8080-exec-2] [com.hoanhtuan.boardingpasshdbank.service.impl.TicketVietJetServiceImpl] [findById] [Incorrect result size: expected 1, actual 0]
2023-05-04 10:35:22,061 ERROR [http-nio-8080-exec-2] [com.hoanhtuan.boardingpasshdbank.controller.PassengerController] [handleNotFoundException] [No HellWorld found for update with id: 1]
2023-05-04 10:35:28,331 INFO [http-nio-8080-exec-3] [com.hoanhtuan.boardingpasshdbank.controller.PassengerController] [getAllHelloWorld]: com.hoanhtuan.boardingpasshdbank.model.response.ResponseStatus@4ab4d996
2023-05-04 10:37:33,668 INFO [http-nio-8080-exec-6] [com.hoanhtuan.boardingpasshdbank.controller.PassengerController] [createHelloWorld]: com.hoanhtuan.boardingpasshdbank.model.response.ResponseStatus@36921a68
2023-05-04 10:38:04,923 INFO [http-nio-8080-exec-7] [com.hoanhtuan.boardingpasshdbank.controller.PassengerController] [getHelloWorld]: com.hoanhtuan.boardingpasshdbank.model.helloworld.HelloWorld@4cd3dfa4
2023-05-04 10:38:11,323 INFO [http-nio-8080-exec-8] [com.hoanhtuan.boardingpasshdbank.controller.PassengerController] [getAllHelloWorld]: com.hoanhtuan.boardingpasshdbank.model.response.ResponseStatus@42365b18
2023-05-04 10:40:00,730 ERROR [http-nio-8080-exec-1] [com.hoanhtuan.boardingpasshdbank.controller.PassengerController] [exception] [Request method 'POST' is not supported]
2023-05-04 10:40:20,322 INFO [http-nio-8080-exec-2] [com.hoanhtuan.boardingpasshdbank.controller.PassengerController] [deleteHelloWorld]: com.hoanhtuan.boardingpasshdbank.model.response.ResponseStatus@402c0f36
2023-05-04 10:40:26,578 INFO [http-nio-8080-exec-4] [com.hoanhtuan.boardingpasshdbank.controller.PassengerController] [deleteHelloWorld]: com.hoanhtuan.boardingpasshdbank.model.response.ResponseStatus@1beabe9f
2023-05-04 10:41:11,398 INFO [http-nio-8080-exec-5] [com.hoanhtuan.boardingpasshdbank.controller.PassengerController] [deleteHelloWorld]: com.hoanhtuan.boardingpasshdbank.model.response.ResponseStatus@56fcbaba
2023-05-04 10:41:21,336 INFO [http-nio-8080-exec-6] [com.hoanhtuan.boardingpasshdbank.controller.PassengerController] [deleteHelloWorld]: com.hoanhtuan.boardingpasshdbank.model.response.ResponseStatus@1e6c6622
2023-05-04 10:41:34,481 INFO [http-nio-8080-exec-7] [com.hoanhtuan.boardingpasshdbank.controller.PassengerController] [getAllHelloWorld]: com.hoanhtuan.boardingpasshdbank.model.response.ResponseStatus@4214284e
2023-05-04 10:43:08,928 ERROR [http-nio-8080-exec-9] [com.hoanhtuan.boardingpasshdbank.service.impl.TicketVietJetServiceImpl] [findById] [Incorrect result size: expected 1, actual 0]
2023-05-04 10:43:08,931 ERROR [http-nio-8080-exec-9] [com.hoanhtuan.boardingpasshdbank.controller.PassengerController] [handleNotFoundException] [No HellWorld found for update with id: 1]
2023-05-04 10:43:18,394 ERROR [http-nio-8080-exec-1] [com.hoanhtuan.boardingpasshdbank.controller.PassengerController] [exception] [Incorrect result size: expected 1, actual 0]
2023-05-04 10:43:26,516 INFO [http-nio-8080-exec-2] [com.hoanhtuan.boardingpasshdbank.controller.PassengerController] [createHelloWorld]: com.hoanhtuan.boardingpasshdbank.model.response.ResponseStatus@79b0c435
2023-05-04 10:43:34,731 ERROR [http-nio-8080-exec-4] [com.hoanhtuan.boardingpasshdbank.service.impl.TicketVietJetServiceImpl] [findById] [Incorrect result size: expected 1, actual 0]
2023-05-04 10:43:34,733 ERROR [http-nio-8080-exec-4] [com.hoanhtuan.boardingpasshdbank.controller.PassengerController] [handleNotFoundException] [No HellWorld found for update with id: 1]
2023-05-04 10:43:39,948 ERROR [http-nio-8080-exec-5] [com.hoanhtuan.boardingpasshdbank.service.impl.TicketVietJetServiceImpl] [findById] [Incorrect result size: expected 1, actual 0]
2023-05-04 10:43:39,949 ERROR [http-nio-8080-exec-5] [com.hoanhtuan.boardingpasshdbank.controller.PassengerController] [handleNotFoundException] [No HellWorld found for update with id: 1]
2023-05-04 10:43:48,663 INFO [http-nio-8080-exec-6] [com.hoanhtuan.boardingpasshdbank.controller.PassengerController] [getAllHelloWorld]: com.hoanhtuan.boardingpasshdbank.model.response.ResponseStatus@5c49d911
2023-05-04 10:43:57,775 INFO [http-nio-8080-exec-7] [com.hoanhtuan.boardingpasshdbank.controller.PassengerController] [getHelloWorld]: com.hoanhtuan.boardingpasshdbank.model.helloworld.HelloWorld@462bb4d4
2023-05-04 10:44:11,043 INFO [http-nio-8080-exec-8] [com.hoanhtuan.boardingpasshdbank.controller.PassengerController] [updateHelloWorld]: com.hoanhtuan.boardingpasshdbank.model.response.ResponseStatus@60d7f70d
2023-05-04 10:44:17,711 INFO [http-nio-8080-exec-10] [com.hoanhtuan.boardingpasshdbank.controller.PassengerController] [getAllHelloWorld]: com.hoanhtuan.boardingpasshdbank.model.response.ResponseStatus@744bccc2
2023-05-04 10:45:27,320 INFO [http-nio-8080-exec-2] [com.hoanhtuan.boardingpasshdbank.controller.PassengerController] [checkInformationTicket]: CustomerTicketInformation(fullName=NGUYEN DAC BINH MINH, birthDate=1991-11-14, flightTime=Tue Jul 21 05:49:04 ICT 2015, totalAmount=55000.0)
=======
2023-04-27 14:26:54,931 INFO [restartedMain] Starting BoardingPassHdBankApplication using Java 20 with PID 176957 (/home/thanhcong/Desktop/boardingpasshdbank/target/classes started by thanhcong in /home/thanhcong/Desktop/boardingpasshdbank)
2023-04-27 14:26:54,940 INFO [restartedMain] No active profile set, falling back to 1 default profile: "default"
2023-04-27 14:26:56,509 INFO [restartedMain] Started BoardingPassHdBankApplication in 2.179 seconds (process running for 2.828)
2023-04-27 14:26:56,512 INFO [restartedMain] Run App Successful
<<<<<<< HEAD
>>>>>>> fd48a2dce0864f2cecdb7ec82c1b7c379206e981
2023-05-04 11:15:48,740 INFO [restartedMain] Starting BoardingPassHdBankApplication using Java 20 with PID 10484 (D:\Workspace\java-web\boarding-pass-hdbank\target\classes started by ASUS in D:\Workspace\java-web\boarding-pass-hdbank)
2023-05-04 11:15:48,753 INFO [restartedMain] No active profile set, falling back to 1 default profile: "default"
2023-05-04 11:16:07,873 INFO [restartedMain] Started BoardingPassHdBankApplication in 21.784 seconds (process running for 29.313)
2023-05-04 11:16:07,893 INFO [restartedMain] Run App Successful
2023-05-04 11:16:33,376 INFO [http-nio-8080-exec-2] [com.hoanhtuan.boardingpasshdbank.controller.PassengerController] [checkInformationTicket]: CustomerTicketInformation(fullName=NGUYEN DAC BINH MINH, birthDate=1991-11-14, flightTime=Tue Jul 21 05:49:04 ICT 2015, totalAmount=55000.0)
2023-05-04 11:41:42,370 INFO [restartedMain] Starting BoardingPassHdBankApplication using Java 20 with PID 7928 (D:\Workspace\java-web\boarding-pass-hdbank\target\classes started by ASUS in D:\Workspace\java-web\boarding-pass-hdbank)
2023-05-04 11:41:42,390 INFO [restartedMain] No active profile set, falling back to 1 default profile: "default"
2023-05-04 11:41:58,918 INFO [restartedMain] Started BoardingPassHdBankApplication in 18.825 seconds (process running for 23.381)
2023-05-04 11:41:58,965 INFO [restartedMain] Run App Successful
2023-05-04 11:42:07,062 ERROR [http-nio-8080-exec-1] [com.hoanhtuan.boardingpasshdbank.controller.PassengerController] [exception] [Required request body is missing: public org.springframework.http.ResponseEntity<com.hoanhtuan.boardingpasshdbank.model.response.ResponseStatus> com.hoanhtuan.boardingpasshdbank.controller.PassengerController.checkInformationTicket(com.hoanhtuan.boardingpasshdbank.model.request.PassengerRequest) throws java.io.IOException]
2023-05-04 11:44:34,891 ERROR [http-nio-8080-exec-4] [com.hoanhtuan.boardingpasshdbank.controller.PassengerController] [exception] [Required request body is missing: public org.springframework.http.ResponseEntity<com.hoanhtuan.boardingpasshdbank.model.response.ResponseStatus> com.hoanhtuan.boardingpasshdbank.controller.PassengerController.checkInformationTicket(com.hoanhtuan.boardingpasshdbank.model.request.PassengerRequest) throws java.io.IOException]
2023-05-04 11:44:41,426 ERROR [http-nio-8080-exec-6] [com.hoanhtuan.boardingpasshdbank.controller.PassengerController] [exception] [Required request body is missing: public org.springframework.http.ResponseEntity<com.hoanhtuan.boardingpasshdbank.model.response.ResponseStatus> com.hoanhtuan.boardingpasshdbank.controller.PassengerController.checkInformationTicket(com.hoanhtuan.boardingpasshdbank.model.request.PassengerRequest) throws java.io.IOException]
2023-05-04 11:51:17,752 INFO [restartedMain] Starting BoardingPassHdBankApplication using Java 20 with PID 1908 (D:\Workspace\java-web\boarding-pass-hdbank\target\classes started by ASUS in D:\Workspace\java-web\boarding-pass-hdbank)
2023-05-04 11:51:17,764 INFO [restartedMain] No active profile set, falling back to 1 default profile: "default"
2023-05-04 11:51:40,181 INFO [restartedMain] Started BoardingPassHdBankApplication in 24.696 seconds (process running for 28.944)
2023-05-04 11:51:40,207 INFO [restartedMain] Run App Successful
2023-05-04 11:51:47,214 ERROR [http-nio-8080-exec-2] [com.hoanhtuan.boardingpasshdbank.controller.PassengerController] [exception] [Request method 'GET' is not supported]
2023-05-04 11:51:56,087 ERROR [http-nio-8080-exec-3] [com.hoanhtuan.boardingpasshdbank.controller.PassengerController] [exception] [Required request body is missing: public org.springframework.http.ResponseEntity<com.hoanhtuan.boardingpasshdbank.model.response.ResponseStatus> com.hoanhtuan.boardingpasshdbank.controller.PassengerController.checkInformationTicket(com.hoanhtuan.boardingpasshdbank.model.request.PassengerRequest) throws java.io.IOException]
2023-05-04 11:52:01,355 ERROR [http-nio-8080-exec-6] [com.hoanhtuan.boardingpasshdbank.controller.PassengerController] [exception] [Required request body is missing: public org.springframework.http.ResponseEntity<com.hoanhtuan.boardingpasshdbank.model.response.ResponseStatus> com.hoanhtuan.boardingpasshdbank.controller.PassengerController.checkInformationTicket(com.hoanhtuan.boardingpasshdbank.model.request.PassengerRequest) throws java.io.IOException]
2023-05-04 11:52:46,130 ERROR [http-nio-8080-exec-8] [com.hoanhtuan.boardingpasshdbank.controller.PassengerController] [exception] [Required request body is missing: public org.springframework.http.ResponseEntity<com.hoanhtuan.boardingpasshdbank.model.response.ResponseStatus> com.hoanhtuan.boardingpasshdbank.controller.PassengerController.checkInformationTicket(com.hoanhtuan.boardingpasshdbank.model.request.PassengerRequest) throws java.io.IOException]
2023-05-04 11:52:52,741 ERROR [http-nio-8080-exec-10] [com.hoanhtuan.boardingpasshdbank.controller.PassengerController] [exception] [Required request body is missing: public org.springframework.http.ResponseEntity<com.hoanhtuan.boardingpasshdbank.model.response.ResponseStatus> com.hoanhtuan.boardingpasshdbank.controller.PassengerController.checkInformationTicket(com.hoanhtuan.boardingpasshdbank.model.request.PassengerRequest) throws java.io.IOException]
2023-05-04 13:20:28,797 ERROR [http-nio-8080-exec-2] [com.hoanhtuan.boardingpasshdbank.controller.PassengerController] [exception] [Required request body is missing: public org.springframework.http.ResponseEntity<com.hoanhtuan.boardingpasshdbank.model.response.ResponseStatus> com.hoanhtuan.boardingpasshdbank.controller.PassengerController.checkInformationTicket(com.hoanhtuan.boardingpasshdbank.model.request.PassengerRequest) throws java.io.IOException]
2023-05-04 13:30:59,183 INFO [restartedMain] Starting BoardingPassHdBankApplication using Java 20 with PID 11960 (D:\Workspace\java-web\boarding-pass-hdbank\target\classes started by ASUS in D:\Workspace\java-web\boarding-pass-hdbank)
2023-05-04 13:30:59,198 INFO [restartedMain] No active profile set, falling back to 1 default profile: "default"
2023-05-04 13:31:30,692 INFO [restartedMain] Started BoardingPassHdBankApplication in 35.114 seconds (process running for 41.606)
2023-05-04 13:31:30,714 INFO [restartedMain] Run App Successful
2023-05-04 13:31:39,075 ERROR [http-nio-8080-exec-2] [com.hoanhtuan.boardingpasshdbank.controller.PassengerController] [exception] [Required request body is missing: public org.springframework.http.ResponseEntity<com.hoanhtuan.boardingpasshdbank.model.response.ResponseStatus> com.hoanhtuan.boardingpasshdbank.controller.PassengerController.checkInformationTicket(java.lang.String) throws java.io.IOException]
2023-05-04 13:33:21,449 INFO [restartedMain] Starting BoardingPassHdBankApplication using Java 20 with PID 16492 (D:\Workspace\java-web\boarding-pass-hdbank\target\classes started by ASUS in D:\Workspace\java-web\boarding-pass-hdbank)
2023-05-04 13:33:21,469 INFO [restartedMain] No active profile set, falling back to 1 default profile: "default"
2023-05-04 13:34:26,295 INFO [restartedMain] Started BoardingPassHdBankApplication in 70.198 seconds (process running for 93.64)
2023-05-04 13:34:26,439 INFO [restartedMain] Run App Successful
2023-05-04 13:35:25,925 ERROR [http-nio-8080-exec-2] [com.hoanhtuan.boardingpasshdbank.controller.PassengerController] [exception] [Required request body is missing: public org.springframework.http.ResponseEntity<com.hoanhtuan.boardingpasshdbank.model.response.ResponseStatus> com.hoanhtuan.boardingpasshdbank.controller.PassengerController.checkInformationTicket(java.lang.String) throws java.io.IOException]
2023-05-04 13:43:54,584 INFO [restartedMain] Starting BoardingPassHdBankApplication using Java 20 with PID 648 (D:\Workspace\java-web\boarding-pass-hdbank\target\classes started by ASUS in D:\Workspace\java-web\boarding-pass-hdbank)
2023-05-04 13:43:54,592 INFO [restartedMain] No active profile set, falling back to 1 default profile: "default"
2023-05-04 13:44:05,138 INFO [restartedMain] Started BoardingPassHdBankApplication in 11.98 seconds (process running for 14.517)
2023-05-04 13:44:05,148 INFO [restartedMain] Run App Successful
2023-05-04 13:44:12,464 INFO [http-nio-8080-exec-1] [com.hoanhtuan.boardingpasshdbank.controller.PassengerController] [checkInformationTicket]: CustomerTicketInformation(fullName=NGUYEN DAC BINH MINH, birthDate=1991-11-14, flightTime=Tue Jul 21 05:49:04 ICT 2015, totalAmount=55000.0)
2023-05-04 13:44:17,849 INFO [http-nio-8080-exec-3] [com.hoanhtuan.boardingpasshdbank.controller.PassengerController] [checkInformationTicket]: CustomerTicketInformation(fullName=NGUYEN DAC BINH MINH, birthDate=1991-11-14, flightTime=Tue Jul 21 05:49:04 ICT 2015, totalAmount=55000.0)
2023-05-04 13:44:20,761 INFO [http-nio-8080-exec-4] [com.hoanhtuan.boardingpasshdbank.controller.PassengerController] [checkInformationTicket]: CustomerTicketInformation(fullName=NGUYEN DAC BINH MINH, birthDate=1991-11-14, flightTime=Tue Jul 21 05:49:04 ICT 2015, totalAmount=55000.0)
2023-05-04 13:44:25,515 INFO [http-nio-8080-exec-5] [com.hoanhtuan.boardingpasshdbank.controller.PassengerController] [checkInformationTicket]: CustomerTicketInformation(fullName=NGUYEN DAC BINH MINH, birthDate=1991-11-14, flightTime=Tue Jul 21 05:49:04 ICT 2015, totalAmount=55000.0)
2023-05-04 13:44:31,224 INFO [http-nio-8080-exec-6] [com.hoanhtuan.boardingpasshdbank.controller.PassengerController] [checkInformationTicket]: CustomerTicketInformation(fullName=NGUYEN DAC BINH MINH, birthDate=1991-11-14, flightTime=Tue Jul 21 05:49:04 ICT 2015, totalAmount=55000.0)
2023-05-04 13:44:35,443 INFO [http-nio-8080-exec-7] [com.hoanhtuan.boardingpasshdbank.controller.PassengerController] [checkInformationTicket]: CustomerTicketInformation(fullName=NGUYEN DAC BINH MINH, birthDate=1991-11-14, flightTime=Tue Jul 21 05:49:04 ICT 2015, totalAmount=55000.0)
2023-05-04 13:44:41,456 INFO [http-nio-8080-exec-8] [com.hoanhtuan.boardingpasshdbank.controller.PassengerController] [checkInformationTicket]: CustomerTicketInformation(fullName=NGUYEN DAC BINH MINH, birthDate=1991-11-14, flightTime=Tue Jul 21 05:49:04 ICT 2015, totalAmount=55000.0)
2023-05-04 13:44:45,112 INFO [http-nio-8080-exec-9] [com.hoanhtuan.boardingpasshdbank.controller.PassengerController] [checkInformationTicket]: CustomerTicketInformation(fullName=NGUYEN DAC BINH MINH, birthDate=1991-11-14, flightTime=Tue Jul 21 05:49:04 ICT 2015, totalAmount=55000.0)
2023-05-04 13:44:50,241 INFO [http-nio-8080-exec-10] [com.hoanhtuan.boardingpasshdbank.controller.PassengerController] [checkInformationTicket]: CustomerTicketInformation(fullName=NGUYEN DAC BINH MINH, birthDate=1991-11-14, flightTime=Tue Jul 21 05:49:04 ICT 2015, totalAmount=55000.0)
2023-05-04 13:55:04,859 ERROR [http-nio-8080-exec-3] [com.hoanhtuan.boardingpasshdbank.controller.PassengerController] [exception] [No such host is known (virtserver.swaggerhub.com)]
2023-05-04 13:55:06,397 ERROR [http-nio-8080-exec-5] [com.hoanhtuan.boardingpasshdbank.controller.PassengerController] [exception] [virtserver.swaggerhub.com]
2023-05-04 13:57:50,837 INFO [restartedMain] Starting BoardingPassHdBankApplication using Java 20 with PID 15952 (D:\Workspace\java-web\boarding-pass-hdbank\target\classes started by ASUS in D:\Workspace\java-web\boarding-pass-hdbank)
2023-05-04 13:57:50,843 INFO [restartedMain] No active profile set, falling back to 1 default profile: "default"
2023-05-04 13:58:00,707 INFO [restartedMain] Started BoardingPassHdBankApplication in 11.458 seconds (process running for 14.108)
2023-05-04 13:58:00,765 INFO [restartedMain] Run App Successful
2023-05-04 13:58:11,176 ERROR [http-nio-8080-exec-2] [com.hoanhtuan.boardingpasshdbank.controller.PassengerController] [exception] [Required request parameter 'request' for method parameter type PassengerRequest is not present]
2023-05-04 13:58:56,096 INFO [restartedMain] Starting BoardingPassHdBankApplication using Java 20 with PID 4120 (D:\Workspace\java-web\boarding-pass-hdbank\target\classes started by ASUS in D:\Workspace\java-web\boarding-pass-hdbank)
2023-05-04 13:58:56,104 INFO [restartedMain] No active profile set, falling back to 1 default profile: "default"
2023-05-04 13:59:05,264 INFO [restartedMain] Started BoardingPassHdBankApplication in 10.476 seconds (process running for 12.854)
2023-05-04 13:59:05,280 INFO [restartedMain] Run App Successful
2023-05-04 13:59:12,003 INFO [http-nio-8080-exec-2] [com.hoanhtuan.boardingpasshdbank.controller.PassengerController] [checkInformationTicket]: CustomerTicketInformation(fullName=NGUYEN DAC BINH MINH, birthDate=1991-11-14, flightTime=Tue Jul 21 05:49:04 ICT 2015, totalAmount=55000.0)
2023-05-04 14:02:53,098 INFO [restartedMain] Starting BoardingPassHdBankApplication using Java 20 with PID 4680 (D:\Workspace\java-web\boarding-pass-hdbank\target\classes started by ASUS in D:\Workspace\java-web\boarding-pass-hdbank)
2023-05-04 14:02:53,104 INFO [restartedMain] No active profile set, falling back to 1 default profile: "default"
2023-05-04 14:03:00,502 INFO [restartedMain] Started BoardingPassHdBankApplication in 8.492 seconds (process running for 10.552)
2023-05-04 14:03:00,513 INFO [restartedMain] Run App Successful
2023-05-04 14:03:06,551 INFO [restartedMain] Starting BoardingPassHdBankApplication using Java 20 with PID 1892 (D:\Workspace\java-web\boarding-pass-hdbank\target\classes started by ASUS in D:\Workspace\java-web\boarding-pass-hdbank)
2023-05-04 14:03:06,558 INFO [restartedMain] No active profile set, falling back to 1 default profile: "default"
2023-05-04 14:03:42,714 INFO [http-nio-8080-exec-1] [com.hoanhtuan.boardingpasshdbank.controller.PassengerController] [checkInformationTicket]: CustomerTicketInformation(fullName=NGUYEN DAC BINH MINH, birthDate=1991-11-14, flightTime=Tue Jul 21 05:49:04 ICT 2015, totalAmount=55000.0)
2023-05-04 14:04:52,677 ERROR [http-nio-8080-exec-4] [com.hoanhtuan.boardingpasshdbank.controller.PassengerController] [exception] [Request method 'GET' is not supported]
2023-05-04 14:05:08,009 INFO [http-nio-8080-exec-7] [com.hoanhtuan.boardingpasshdbank.controller.PassengerController] [checkInformationTicket]: CustomerTicketInformation(fullName=NGUYEN DAC BINH MINH, birthDate=1991-11-14, flightTime=Tue Jul 21 05:49:04 ICT 2015, totalAmount=55000.0)
2023-05-04 14:05:17,475 INFO [http-nio-8080-exec-8] [com.hoanhtuan.boardingpasshdbank.controller.PassengerController] [checkInformationTicket]: CustomerTicketInformation(fullName=NGUYEN DAC BINH MINH, birthDate=1991-11-14, flightTime=Tue Jul 21 05:49:04 ICT 2015, totalAmount=55000.0)
2023-05-04 14:05:21,743 ERROR [http-nio-8080-exec-9] [com.hoanhtuan.boardingpasshdbank.controller.PassengerController] [exception] [Cannot invoke "String.substring(int, int)" because "flightCode" is null]
2023-05-04 14:05:30,049 INFO [http-nio-8080-exec-2] [com.hoanhtuan.boardingpasshdbank.controller.PassengerController] [checkInformationTicket]: CustomerTicketInformation(fullName=NGUYEN DAC BINH MINH, birthDate=1991-11-14, flightTime=Tue Jul 21 05:49:04 ICT 2015, totalAmount=55000.0)
2023-05-04 14:05:36,239 ERROR [http-nio-8080-exec-1] [com.hoanhtuan.boardingpasshdbank.controller.PassengerController] [exception] [JSON parse error: Unexpected character ('}' (code 125)): was expecting double-quote to start field name]
2023-05-04 14:05:42,868 ERROR [http-nio-8080-exec-5] [com.hoanhtuan.boardingpasshdbank.controller.PassengerController] [exception] [Cannot invoke "String.length()" because "seats" is null]
2023-05-04 14:05:59,000 ERROR [http-nio-8080-exec-6] [com.hoanhtuan.boardingpasshdbank.controller.PassengerController] [exception] [Cannot invoke "String.substring(int, int)" because "flightCode" is null]
2023-05-04 14:06:08,531 INFO [http-nio-8080-exec-7] [com.hoanhtuan.boardingpasshdbank.controller.PassengerController] [checkInformationTicket]: CustomerTicketInformation(fullName=NGUYEN DAC BINH MINH, birthDate=1991-11-14, flightTime=Tue Jul 21 05:49:04 ICT 2015, totalAmount=55000.0)
2023-05-04 14:06:11,580 INFO [http-nio-8080-exec-9] [com.hoanhtuan.boardingpasshdbank.controller.PassengerController] [checkInformationTicket]: CustomerTicketInformation(fullName=NGUYEN DAC BINH MINH, birthDate=1991-11-14, flightTime=Tue Jul 21 05:49:04 ICT 2015, totalAmount=55000.0)
2023-05-04 14:06:15,756 INFO [http-nio-8080-exec-10] [com.hoanhtuan.boardingpasshdbank.controller.PassengerController] [checkInformationTicket]: CustomerTicketInformation(fullName=NGUYEN DAC BINH MINH, birthDate=1991-11-14, flightTime=Tue Jul 21 05:49:04 ICT 2015, totalAmount=55000.0)
2023-05-04 14:06:19,434 INFO [http-nio-8080-exec-2] [com.hoanhtuan.boardingpasshdbank.controller.PassengerController] [checkInformationTicket]: CustomerTicketInformation(fullName=NGUYEN DAC BINH MINH, birthDate=1991-11-14, flightTime=Tue Jul 21 05:49:04 ICT 2015, totalAmount=55000.0)
2023-05-04 14:06:23,874 ERROR [http-nio-8080-exec-1] [com.hoanhtuan.boardingpasshdbank.controller.PassengerController] [exception] [Cannot invoke "String.substring(int, int)" because "flightCode" is null]
2023-05-04 14:06:37,534 INFO [http-nio-8080-exec-3] [com.hoanhtuan.boardingpasshdbank.controller.PassengerController] [checkInformationTicket]: CustomerTicketInformation(fullName=NGUYEN DAC BINH MINH, birthDate=1991-11-14, flightTime=Tue Jul 21 05:49:04 ICT 2015, totalAmount=55000.0)
2023-05-04 14:07:02,647 INFO [http-nio-8080-exec-4] [com.hoanhtuan.boardingpasshdbank.controller.PassengerController] [checkInformationTicket]: CustomerTicketInformation(fullName=NGUYEN DAC BINH MINH, birthDate=1991-11-14, flightTime=Tue Jul 21 05:49:04 ICT 2015, totalAmount=55000.0)
2023-05-04 14:07:06,806 ERROR [http-nio-8080-exec-6] [com.hoanhtuan.boardingpasshdbank.controller.PassengerController] [exception] [Request method 'GET' is not supported]
2023-05-04 14:07:32,105 ERROR [http-nio-8080-exec-9] [com.hoanhtuan.boardingpasshdbank.controller.PassengerController] [exception] [Request method 'GET' is not supported]
2023-05-04 14:07:35,837 INFO [http-nio-8080-exec-2] [com.hoanhtuan.boardingpasshdbank.controller.PassengerController] [checkInformationTicket]: CustomerTicketInformation(fullName=NGUYEN DAC BINH MINH, birthDate=1991-11-14, flightTime=Tue Jul 21 05:49:04 ICT 2015, totalAmount=55000.0)
2023-05-04 14:09:28,516 INFO [http-nio-8080-exec-3] [com.hoanhtuan.boardingpasshdbank.controller.PassengerController] [checkInformationTicket]: CustomerTicketInformation(fullName=NGUYEN DAC BINH MINH, birthDate=1991-11-14, flightTime=Tue Jul 21 05:49:04 ICT 2015, totalAmount=55000.0)
2023-05-04 14:12:35,871 INFO [http-nio-8080-exec-6] [com.hoanhtuan.boardingpasshdbank.controller.PassengerController] [checkInformationTicket]: CustomerTicketInformation(fullName=NGUYEN DAC BINH MINH, birthDate=1991-11-14, flightTime=Tue Jul 21 05:49:04 ICT 2015, totalAmount=55000.0)
2023-05-04 14:16:33,637 INFO [http-nio-8080-exec-10] [com.hoanhtuan.boardingpasshdbank.controller.PassengerController] [checkInformationTicket]: CustomerTicketInformation(fullName=NGUYEN DAC BINH MINH, birthDate=1991-11-14, flightTime=Tue Jul 21 05:49:04 ICT 2015, totalAmount=55000.0)
2023-05-04 14:20:50,166 ERROR [http-nio-8080-exec-5] [com.hoanhtuan.boardingpasshdbank.controller.PassengerController] [exception] [Request method 'GET' is not supported]
2023-05-04 15:08:43,622 INFO [restartedMain] Starting BoardingPassHdBankApplication using Java 20 with PID 2788 (D:\Workspace\java-web\boarding-pass-hdbank\target\classes started by ASUS in D:\Workspace\java-web\boarding-pass-hdbank)
2023-05-04 15:08:43,644 INFO [restartedMain] No active profile set, falling back to 1 default profile: "default"
2023-05-04 15:08:52,370 INFO [restartedMain] Started BoardingPassHdBankApplication in 10.429 seconds (process running for 13.386)
2023-05-04 15:08:52,380 INFO [restartedMain] Run App Successful
2023-05-04 15:09:07,993 INFO [http-nio-8080-exec-2] [com.hoanhtuan.boardingpasshdbank.controller.PassengerController] [checkInformationTicket]: CustomerTicketInformation(fullName=NGUYEN DAC BINH MINH, birthDate=1991-11-14, flightTime=Tue Jul 21 05:49:04 ICT 2015, totalAmount=55000.0)
2023-05-04 15:15:48,713 INFO [restartedMain] Starting BoardingPassHdBankApplication using Java 20 with PID 4420 (D:\Workspace\java-web\boarding-pass-hdbank\target\classes started by ASUS in D:\Workspace\java-web\boarding-pass-hdbank)
2023-05-04 15:15:48,721 INFO [restartedMain] No active profile set, falling back to 1 default profile: "default"
2023-05-04 15:15:56,144 INFO [restartedMain] Started BoardingPassHdBankApplication in 8.522 seconds (process running for 10.6)
2023-05-04 15:15:56,156 INFO [restartedMain] Run App Successful
2023-05-04 15:16:09,696 INFO [http-nio-8080-exec-2] [com.hoanhtuan.boardingpasshdbank.controller.PassengerController] [checkInformationTicket]: CustomerTicketInformation(fullName=NGUYEN DAC BINH MINH, birthDate=1991-11-14, flightTime=Tue Jul 21 05:49:04 ICT 2015, totalAmount=55000.0)
2023-05-04 15:16:58,738 INFO [http-nio-8080-exec-3] [com.hoanhtuan.boardingpasshdbank.controller.PassengerController] [checkInformationTicket]: CustomerTicketInformation(fullName=NGUYEN DAC BINH MINH, birthDate=1991-11-14, flightTime=Tue Jul 21 05:49:04 ICT 2015, totalAmount=55000.0)
=======
2023-04-27 15:56:52,522 INFO [restartedMain] Starting BoardingPassHdBankApplication using Java 20 with PID 216621 (/home/thanhcong/Desktop/boardingpasshdbank/target/classes started by thanhcong in /home/thanhcong/Desktop/boardingpasshdbank)
2023-04-27 15:56:52,524 INFO [restartedMain] No active profile set, falling back to 1 default profile: "default"
2023-04-27 15:56:58,489 INFO [restartedMain] Started BoardingPassHdBankApplication in 6.345 seconds (process running for 7.069)
2023-04-27 15:56:58,492 INFO [restartedMain] Run App Successful
2023-04-27 15:57:05,795 INFO [http-nio-8080-exec-2] [controller.vn.com.hdbank.boardingpasshdbank.PassengerController] [checkInformationTicket]: CustomerTicketInformation(fullName=NGUYEN DAC BINH MINH, birthDate=1991-11-14, flightTime=Tue Jul 21 05:49:04 ICT 2015, totalAmount=55000.0)
2023-04-27 16:01:03,106 INFO [http-nio-8080-exec-5] [controller.vn.com.hdbank.boardingpasshdbank.PassengerController] [checkInformationTicket]: CustomerTicketInformation(fullName=NGUYEN DAC BINH MINH, birthDate=1991-11-14, flightTime=Tue Jul 21 05:49:04 ICT 2015, totalAmount=55000.0)
2023-04-27 16:01:44,172 INFO [http-nio-8080-exec-6] [controller.vn.com.hdbank.boardingpasshdbank.PassengerController] [checkInformationTicket]: CustomerTicketInformation(fullName=NGUYEN DAC BINH MINH, birthDate=1991-11-14, flightTime=Tue Jul 21 05:49:04 ICT 2015, totalAmount=55000.0)
2023-04-27 16:01:53,725 ERROR [http-nio-8080-exec-7] [controller.vn.com.hdbank.boardingpasshdbank.PassengerController] [exception] [Required request parameter 'reservationCode' for method parameter type String is not present]
2023-04-27 16:02:05,164 INFO [http-nio-8080-exec-9] [controller.vn.com.hdbank.boardingpasshdbank.PassengerController] [checkInformationTicket]: CustomerTicketInformation(fullName=NGUYEN DAC BINH MINH, birthDate=1991-11-14, flightTime=Tue Jul 21 05:49:04 ICT 2015, totalAmount=55000.0)
2023-04-27 16:04:53,558 INFO [restartedMain] Starting BoardingPassHdBankApplication using Java 20 with PID 220431 (/home/thanhcong/Desktop/boardingpasshdbank/target/classes started by thanhcong in /home/thanhcong/Desktop/boardingpasshdbank)
2023-04-27 16:04:53,560 INFO [restartedMain] No active profile set, falling back to 1 default profile: "default"
2023-04-27 16:04:59,974 INFO [restartedMain] Started BoardingPassHdBankApplication in 6.722 seconds (process running for 7.268)
2023-04-27 16:04:59,977 INFO [restartedMain] Run App Successful
2023-04-27 16:05:05,122 ERROR [http-nio-8080-exec-2] [impl.service.vn.com.hdbank.boardingpasshdbank.TicketVietJetServiceImpl] [checkPassengerVietJet] [Error when parsing Json string from VietJet server]
2023-04-27 16:05:05,127 ERROR [http-nio-8080-exec-2] [controller.vn.com.hdbank.boardingpasshdbank.PassengerController] [handleVietJetApiException] [Error when parsing Json string from VietJet server]
2023-04-27 16:08:20,442 INFO [restartedMain] Starting BoardingPassHdBankApplication using Java 20 with PID 222061 (/home/thanhcong/Desktop/boardingpasshdbank/target/classes started by thanhcong in /home/thanhcong/Desktop/boardingpasshdbank)
2023-04-27 16:08:20,445 INFO [restartedMain] No active profile set, falling back to 1 default profile: "default"
2023-04-27 16:08:23,277 INFO [restartedMain] Started BoardingPassHdBankApplication in 3.226 seconds (process running for 4.321)
2023-04-27 16:08:23,305 INFO [restartedMain] Run App Successful
2023-04-27 16:14:35,260 ERROR [http-nio-8080-exec-2] [impl.service.vn.com.hdbank.boardingpasshdbank.TicketVietJetServiceImpl] [checkPassengerVietJet] [Error when parsing Json string from VietJet server]
2023-04-27 16:14:35,292 ERROR [http-nio-8080-exec-2] [controller.vn.com.hdbank.boardingpasshdbank.PassengerController] [handleVietJetApiException] [Error when parsing Json string from VietJet server]
2023-04-27 16:14:40,749 INFO [restartedMain] Starting BoardingPassHdBankApplication using Java 20 with PID 225072 (/home/thanhcong/Desktop/boardingpasshdbank/target/classes started by thanhcong in /home/thanhcong/Desktop/boardingpasshdbank)
2023-04-27 16:14:40,751 INFO [restartedMain] No active profile set, falling back to 1 default profile: "default"
2023-04-27 16:14:46,846 INFO [restartedMain] Started BoardingPassHdBankApplication in 6.451 seconds (process running for 7.054)
2023-04-27 16:14:46,849 INFO [restartedMain] Run App Successful
2023-04-27 16:14:49,350 ERROR [http-nio-8080-exec-2] [controller.vn.com.hdbank.boardingpasshdbank.PassengerController] [exception] [uat-vietjetapi.vietjetair.com: Temporary failure in name resolution]
2023-04-27 16:14:51,774 ERROR [http-nio-8080-exec-3] [controller.vn.com.hdbank.boardingpasshdbank.PassengerController] [exception] [uat-vietjetapi.vietjetair.com]
2023-04-27 16:15:09,568 INFO [restartedMain] Starting BoardingPassHdBankApplication using Java 20 with PID 225419 (/home/thanhcong/Desktop/boardingpasshdbank/target/classes started by thanhcong in /home/thanhcong/Desktop/boardingpasshdbank)
2023-04-27 16:15:09,572 INFO [restartedMain] No active profile set, falling back to 1 default profile: "default"
2023-04-27 16:15:11,483 INFO [restartedMain] Started BoardingPassHdBankApplication in 2.533 seconds (process running for 3.854)
2023-04-27 16:15:11,486 INFO [restartedMain] Run App Successful
2023-04-27 16:15:32,186 INFO [http-nio-8080-exec-1] [controller.vn.com.hdbank.boardingpasshdbank.PassengerController] [checkInformationTicket]: CustomerTicketInformation(fullName=NGUYEN DAC BINH MINH, birthDate=1991-11-14, flightTime=2023-04-03T16:45:00, totalAmount=4059000.0)
2023-04-27 16:15:50,514 ERROR [http-nio-8080-exec-3] [impl.service.vn.com.hdbank.boardingpasshdbank.TicketVietJetServiceImpl] [checkPassengerVietJet] [Request was denied due to lack of access rights to the resource]
2023-04-27 16:15:50,521 ERROR [http-nio-8080-exec-3] [controller.vn.com.hdbank.boardingpasshdbank.PassengerController] [handleForbiddenException] [Request was denied due to lack of access rights to the resource]
2023-04-27 16:16:26,379 ERROR [http-nio-8080-exec-4] [impl.service.vn.com.hdbank.boardingpasshdbank.TicketVietJetServiceImpl] [checkPassengerVietJet] [Request was denied due to lack of access rights to the resource]
2023-04-27 16:16:26,382 ERROR [http-nio-8080-exec-4] [controller.vn.com.hdbank.boardingpasshdbank.PassengerController] [handleForbiddenException] [Request was denied due to lack of access rights to the resource]
2023-04-27 16:17:07,164 INFO [http-nio-8080-exec-5] [controller.vn.com.hdbank.boardingpasshdbank.PassengerController] [checkInformationTicket]: CustomerTicketInformation(fullName=NGUYEN DAC BINH MINH, birthDate=1991-11-14, flightTime=2023-04-03T16:45:00, totalAmount=4059000.0)
2023-04-27 16:17:54,679 ERROR [http-nio-8080-exec-8] [controller.vn.com.hdbank.boardingpasshdbank.PassengerController] [exception] [uat-vietjetapi.vietjetair.com: Temporary failure in name resolution]
2023-04-27 16:24:45,848 ERROR [http-nio-8080-exec-10] [impl.service.vn.com.hdbank.boardingpasshdbank.TicketVietJetServiceImpl] [checkPassengerVietJet] [Error while authenticating user]
2023-04-27 16:24:45,850 ERROR [http-nio-8080-exec-10] [controller.vn.com.hdbank.boardingpasshdbank.PassengerController] [handleAuthenticationException] [Error while authenticating user]
2023-04-27 16:34:08,254 ERROR [http-nio-8080-exec-6] [controller.vn.com.hdbank.boardingpasshdbank.PassengerController] [exception] [Network is unreachable]
2023-05-04 15:59:51,312 INFO [main] Starting BoardingPassHdbankApplicationTests using Java 20 with PID 225933 (started by thanhcong in /home/thanhcong/Desktop/boardingpasshdbank)
2023-05-04 15:59:51,315 INFO [main] No active profile set, falling back to 1 default profile: "default"
2023-05-04 15:59:53,434 INFO [main] Started BoardingPassHdbankApplicationTests in 2.448 seconds (process running for 3.665)
2023-05-04 16:07:10,738 INFO [main] Starting BoardingPassHdbankApplicationTests using Java 20 with PID 230142 (started by thanhcong in /home/thanhcong/Desktop/boardingpasshdbank)
2023-05-04 16:07:10,741 INFO [main] No active profile set, falling back to 1 default profile: "default"
2023-05-04 16:07:12,636 INFO [main] Started BoardingPassHdbankApplicationTests in 2.107 seconds (process running for 3.776)
2023-05-04 16:07:23,418 INFO [main] Starting BoardingPassHdbankApplicationTests using Java 20 with PID 230306 (started by thanhcong in /home/thanhcong/Desktop/boardingpasshdbank)
2023-05-04 16:07:23,422 INFO [main] No active profile set, falling back to 1 default profile: "default"
2023-05-04 16:07:25,639 INFO [main] Started BoardingPassHdbankApplicationTests in 2.538 seconds (process running for 5.379)
2023-05-04 16:07:43,019 INFO [main] Starting BoardingPassHdbankApplicationTests using Java 20 with PID 230530 (started by thanhcong in /home/thanhcong/Desktop/boardingpasshdbank)
2023-05-04 16:07:43,021 INFO [main] No active profile set, falling back to 1 default profile: "default"
2023-05-04 16:07:45,587 INFO [main] Started BoardingPassHdbankApplicationTests in 2.807 seconds (process running for 4.59)
2023-05-04 16:07:55,058 INFO [restartedMain] Starting BoardingPassHdBankApplication using Java 20 with PID 230700 (/home/thanhcong/Desktop/boardingpasshdbank/target/classes started by thanhcong in /home/thanhcong/Desktop/boardingpasshdbank)
2023-05-04 16:07:55,062 INFO [restartedMain] No active profile set, falling back to 1 default profile: "default"
2023-05-04 16:07:56,742 INFO [restartedMain] Started BoardingPassHdBankApplication in 2.318 seconds (process running for 3.484)
2023-05-04 16:07:56,746 INFO [restartedMain] Run App Successful
2023-05-04 16:08:06,819 INFO [restartedMain] Starting BoardingPassHdBankApplication using Java 20 with PID 230879 (/home/thanhcong/Desktop/boardingpasshdbank/target/classes started by thanhcong in /home/thanhcong/Desktop/boardingpasshdbank)
2023-05-04 16:08:06,822 INFO [restartedMain] No active profile set, falling back to 1 default profile: "default"
2023-05-04 16:08:09,508 INFO [restartedMain] Started BoardingPassHdBankApplication in 3.234 seconds (process running for 4.056)
2023-05-04 16:08:09,513 INFO [restartedMain] Run App Successful
2023-05-04 16:08:35,707 ERROR [http-nio-8080-exec-2] [vn.com.hdbank.boardingpasshdbank.controller.PassengerController] [exception] [Required request body is missing: public org.springframework.http.ResponseEntity<vn.com.hdbank.boardingpasshdbank.model.response.ResponseInfo> vn.com.hdbank.boardingpasshdbank.controller.PassengerController.checkInformationTicket(vn.com.hdbank.boardingpasshdbank.model.vietjet.ReservationRequestDTO)]
2023-05-04 16:09:15,919 INFO [restartedMain] Starting BoardingPassHdBankApplication using Java 20 with PID 231525 (/home/thanhcong/Desktop/boardingpasshdbank/target/classes started by thanhcong in /home/thanhcong/Desktop/boardingpasshdbank)
2023-05-04 16:09:15,922 INFO [restartedMain] No active profile set, falling back to 1 default profile: "default"
2023-05-04 16:09:19,008 INFO [restartedMain] Started BoardingPassHdBankApplication in 3.521 seconds (process running for 4.39)
2023-05-04 16:09:19,021 INFO [restartedMain] Run App Successful
2023-05-04 16:09:25,801 ERROR [http-nio-8080-exec-2] [vn.com.hdbank.boardingpasshdbank.controller.PassengerController] [exception] [Required request body is missing: public org.springframework.http.ResponseEntity<vn.com.hdbank.boardingpasshdbank.model.response.ResponseInfo> vn.com.hdbank.boardingpasshdbank.controller.PassengerController.checkInformationTicket(vn.com.hdbank.boardingpasshdbank.model.vietjet.ReservationRequestDTO)]
2023-05-04 16:09:34,735 ERROR [http-nio-8080-exec-4] [vn.com.hdbank.boardingpasshdbank.controller.PassengerController] [exception] [Required request body is missing: public org.springframework.http.ResponseEntity<vn.com.hdbank.boardingpasshdbank.model.response.ResponseInfo> vn.com.hdbank.boardingpasshdbank.controller.PassengerController.checkInformationTicket(vn.com.hdbank.boardingpasshdbank.model.vietjet.ReservationRequestDTO)]
2023-05-04 16:09:40,076 ERROR [http-nio-8080-exec-6] [vn.com.hdbank.boardingpasshdbank.controller.PassengerController] [exception] [Required request body is missing: public org.springframework.http.ResponseEntity<vn.com.hdbank.boardingpasshdbank.model.response.ResponseInfo> vn.com.hdbank.boardingpasshdbank.controller.PassengerController.checkInformationTicket(vn.com.hdbank.boardingpasshdbank.model.vietjet.ReservationRequestDTO)]
2023-05-04 16:10:49,397 INFO [restartedMain] Starting BoardingPassHdBankApplication using Java 20 with PID 232336 (/home/thanhcong/Desktop/boardingpasshdbank/target/classes started by thanhcong in /home/thanhcong/Desktop/boardingpasshdbank)
2023-05-04 16:10:49,400 INFO [restartedMain] No active profile set, falling back to 1 default profile: "default"
2023-05-04 16:10:52,561 INFO [restartedMain] Started BoardingPassHdBankApplication in 3.548 seconds (process running for 4.569)
2023-05-04 16:10:52,573 INFO [restartedMain] Run App Successful
2023-05-04 16:11:44,294 ERROR [http-nio-8080-exec-2] [vn.com.hdbank.boardingpasshdbank.controller.PassengerController] [handleVietJetApiException] [Internal Server Error]
2023-05-04 16:11:48,803 INFO [restartedMain] Starting BoardingPassHdBankApplication using Java 20 with PID 232889 (/home/thanhcong/Desktop/boardingpasshdbank/target/classes started by thanhcong in /home/thanhcong/Desktop/boardingpasshdbank)
2023-05-04 16:11:48,810 INFO [restartedMain] No active profile set, falling back to 1 default profile: "default"
2023-05-04 16:11:52,671 INFO [restartedMain] Started BoardingPassHdBankApplication in 4.241 seconds (process running for 5.092)
2023-05-04 16:11:52,684 INFO [restartedMain] Run App Successful
2023-05-04 16:12:45,225 ERROR [http-nio-8080-exec-1] [vn.com.hdbank.boardingpasshdbank.controller.PassengerController] [handleVietJetApiException] [Internal Server Error]
2023-05-04 16:13:55,896 INFO [restartedMain] Starting BoardingPassHdBankApplication using Java 20 with PID 233961 (/home/thanhcong/Desktop/boardingpasshdbank/target/classes started by thanhcong in /home/thanhcong/Desktop/boardingpasshdbank)
2023-05-04 16:13:55,899 INFO [restartedMain] No active profile set, falling back to 1 default profile: "default"
2023-05-04 16:13:58,943 INFO [restartedMain] Started BoardingPassHdBankApplication in 3.456 seconds (process running for 4.303)
2023-05-04 16:13:58,952 INFO [restartedMain] Run App Successful
2023-05-04 16:14:01,301 ERROR [http-nio-8080-exec-1] [vn.com.hdbank.boardingpasshdbank.controller.PassengerController] [exception] [Required request body is missing: public org.springframework.http.ResponseEntity<vn.com.hdbank.boardingpasshdbank.model.response.ResponseInfo> vn.com.hdbank.boardingpasshdbank.controller.PassengerController.checkInformationTicket(vn.com.hdbank.boardingpasshdbank.model.vietjet.ReservationRequestDTO)]
2023-05-04 16:17:04,446 ERROR [http-nio-8080-exec-4] [vn.com.hdbank.boardingpasshdbank.controller.PassengerController] [exception] [Request method 'POST' is not supported]
2023-05-04 16:17:07,654 ERROR [http-nio-8080-exec-6] [vn.com.hdbank.boardingpasshdbank.controller.PassengerController] [exception] [Request method 'POST' is not supported]
2023-05-04 16:17:29,320 INFO [restartedMain] Starting BoardingPassHdBankApplication using Java 20 with PID 235805 (/home/thanhcong/Desktop/boardingpasshdbank/target/classes started by thanhcong in /home/thanhcong/Desktop/boardingpasshdbank)
2023-05-04 16:17:29,322 INFO [restartedMain] No active profile set, falling back to 1 default profile: "default"
2023-05-04 16:17:32,539 INFO [restartedMain] Started BoardingPassHdBankApplication in 3.63 seconds (process running for 4.451)
2023-05-04 16:17:32,551 INFO [restartedMain] Run App Successful
2023-05-04 16:18:37,098 ERROR [http-nio-8080-exec-2] [vn.com.hdbank.boardingpasshdbank.controller.PassengerController] [handleVietJetApiException] [Internal Server Error]
2023-05-04 16:20:47,344 INFO [restartedMain] Starting BoardingPassHdBankApplication using Java 20 with PID 237450 (/home/thanhcong/Desktop/boardingpasshdbank/target/classes started by thanhcong in /home/thanhcong/Desktop/boardingpasshdbank)
2023-05-04 16:20:47,346 INFO [restartedMain] No active profile set, falling back to 1 default profile: "default"
2023-05-04 16:20:50,281 INFO [restartedMain] Started BoardingPassHdBankApplication in 3.28 seconds (process running for 4.225)
2023-05-04 16:20:50,291 INFO [restartedMain] Run App Successful
2023-05-04 16:21:51,772 INFO [http-nio-8080-exec-2] [vn.com.hdbank.boardingpasshdbank.controller.PassengerController] [checkInformationTicket]: CustomerTicketInformation(fullName=NGUYEN DAC BINH MINH, birthDate=1991-11-14, flightTime=2023-04-03T16:45:00, totalAmount=4059000.0)
2023-05-04 16:22:02,738 INFO [restartedMain] Starting BoardingPassHdBankApplication using Java 20 with PID 238201 (/home/thanhcong/Desktop/boardingpasshdbank/target/classes started by thanhcong in /home/thanhcong/Desktop/boardingpasshdbank)
2023-05-04 16:22:02,741 INFO [restartedMain] No active profile set, falling back to 1 default profile: "default"
2023-05-04 16:22:04,653 INFO [restartedMain] Started BoardingPassHdBankApplication in 2.342 seconds (process running for 3.032)
2023-05-04 16:22:04,659 INFO [restartedMain] Run App Successful
2023-05-04 16:22:10,353 INFO [http-nio-8080-exec-2] [vn.com.hdbank.boardingpasshdbank.controller.PassengerController] [checkInformationTicket]: CustomerTicketInformation(fullName=NGUYEN DAC BINH MINH, birthDate=1991-11-14, flightTime=2023-04-03T16:45:00, totalAmount=4059000.0)
2023-05-04 16:23:32,487 INFO [restartedMain] Starting BoardingPassHdBankApplication using Java 20 with PID 239020 (/home/thanhcong/Desktop/boardingpasshdbank/target/classes started by thanhcong in /home/thanhcong/Desktop/boardingpasshdbank)
2023-05-04 16:23:32,488 INFO [restartedMain] No active profile set, falling back to 1 default profile: "default"
2023-05-04 16:23:34,054 INFO [restartedMain] Started BoardingPassHdBankApplication in 1.912 seconds (process running for 2.538)
2023-05-04 16:23:34,057 INFO [restartedMain] Run App Successful
2023-05-04 16:23:40,117 INFO [http-nio-8080-exec-1] [vn.com.hdbank.boardingpasshdbank.controller.PassengerController] [checkInformationTicket]: CustomerTicketInformation(fullName=NGUYEN DAC BINH MINH, birthDate=1991-11-14, flightTime=2023-04-03T16:45:00, totalAmount=4059000.0)
>>>>>>> thanhcongdev
2023-05-04 17:08:27,086 INFO [restartedMain] Starting BoardingPassHdBankApplication using Java 20 with PID 11896 (D:\Workspace\java-web\boarding-pass-hdbank\target\classes started by ASUS in D:\Workspace\java-web\boarding-pass-hdbank)
2023-05-04 17:08:27,093 INFO [restartedMain] No active profile set, falling back to 1 default profile: "default"
2023-05-04 17:08:35,471 INFO [restartedMain] Started BoardingPassHdBankApplication in 9.647 seconds (process running for 12.174)
2023-05-04 17:08:35,481 INFO [restartedMain] Run App Successful
2023-05-04 17:12:01,481 INFO [restartedMain] Starting BoardingPassHdBankApplication using Java 20 with PID 10960 (D:\Workspace\java-web\boarding-pass-hdbank\target\classes started by ASUS in D:\Workspace\java-web\boarding-pass-hdbank)
2023-05-04 17:12:01,489 INFO [restartedMain] No active profile set, falling back to 1 default profile: "default"
2023-05-04 17:12:08,705 INFO [restartedMain] Started BoardingPassHdBankApplication in 8.283 seconds (process running for 10.548)
2023-05-04 17:12:08,717 INFO [restartedMain] Run App Successful
2023-05-04 17:13:34,499 ERROR [http-nio-8080-exec-4] [vn.com.hdbank.boardingpasshdbank.controller.PassengerController] [handleVietJetApiException] [Internal Server Error]
2023-05-04 17:13:51,500 ERROR [http-nio-8080-exec-5] [vn.com.hdbank.boardingpasshdbank.controller.PassengerController] [handleVietJetApiException] [Internal Server Error]
2023-05-04 17:13:56,908 ERROR [http-nio-8080-exec-7] [vn.com.hdbank.boardingpasshdbank.controller.PassengerController] [handleVietJetApiException] [Internal Server Error]
2023-05-04 17:14:02,539 ERROR [http-nio-8080-exec-10] [vn.com.hdbank.boardingpasshdbank.controller.PassengerController] [handleVietJetApiException] [Internal Server Error]
2023-05-04 17:14:11,821 ERROR [http-nio-8080-exec-2] [vn.com.hdbank.boardingpasshdbank.controller.PassengerController] [handleVietJetApiException] [Internal Server Error]
2023-05-04 17:14:20,310 ERROR [http-nio-8080-exec-4] [vn.com.hdbank.boardingpasshdbank.controller.PassengerController] [handleVietJetApiException] [Internal Server Error]
